1558492771290:test
1558556633654:readFile C:/test.txt
1558558052026:stacktrace
1558558315431:readFile C:/test.txt
1558558892077:readFile C:test.txt
1558558900961:readFile C:/test.txt
1558558995478:readFile :/test.txt
1558559002559:readFile C:/test.txt
1558559585348:stacktrace
1558559638122:readFile C:/test.txt
1558560133850:stacktrace
1558560187011:readFile C:/test.txt
1558562595691:stacktrace
1558562800623:readFile C:test.txt
1558564840445:readFile C:/test.txt
1558565007018:stacktrace
1558565049319:readFile C:/test.txt
1558565064574:stacktrace
1558565094499:readFile C:/test.txt
1558565473647:help
1558565499391:readFile C:/test.txt
1558642239481:readFile C:test.txt
1558642250147:readFIle C:/test.txt
1558642257186:readFile C:/test.txt
1558642776027:readFile C:test.txt
1558642784520:readFile C:/test.txt
1558643477210:readFile
1558643482378:readFile C:/test.txt
1558645042202:getAlertLogs
1558645133926:stacktrace
1558645406112:help
1558645410458:getAlertLogs
1558645423693:readFile C:/test.txt
1558645429237:getAlertLogs
1558645571454:help
1558645575751:getAlertLogs
1558645591686:readFile C:/test.txt
1558645597755:getAlertLogs
